  [1m[35mSQL (0.1ms)[0m  [1m[35mSET search_path TO public /*application='ServiceTicketTracker'*/[0m
  [1m[35m (32.9ms)[0m  [1m[35mCREATE DATABASE "service_ticket_tracker_development" ENCODING = 'unicode' /*application='ServiceTicketTracker'*/[0m
  [1m[35mSQL (0.1ms)[0m  [1m[35mSET search_path TO public /*application='ServiceTicketTracker'*/[0m
  [1m[35m (32.5ms)[0m  [1m[35mCREATE DATABASE "service_ticket_tracker_test" ENCODING = 'unicode' /*application='ServiceTicketTracker'*/[0m
  [1m[35mSQL (0.1ms)[0m  [1m[35mSET search_path TO public /*application='ServiceTicketTracker'*/[0m
  [1m[35m (13.3ms)[0m  [1m[35mCREATE DATABASE "service_ticket_tracker_development" ENCODING = 'unicode' /*application='ServiceTicketTracker'*/[0m
  [1m[35mSQL (0.1ms)[0m  [1m[35mSET search_path TO public /*application='ServiceTicketTracker'*/[0m
  [1m[35m (16.7ms)[0m  [1m[35mCREATE DATABASE "service_ticket_tracker_test" ENCODING = 'unicode' /*application='ServiceTicketTracker'*/[0m
Started GET "/" for 127.0.0.1 at 2025-09-04 18:27:14 -0400
  [1m[35m (1.2ms)[0m  [1m[35mCREATE TABLE "schema_migrations" ("version" character varying NOT NULL PRIMARY KEY) /*application='ServiceTicketTracker'*/[0m
  [1m[35m (1.0ms)[0m  [1m[35mCREATE TABLE "ar_internal_metadata" ("key" character varying NOT NULL PRIMARY KEY, "value" character varying, "created_at" timestamp(6) NOT NULL, "updated_at" timestamp(6) NOT NULL) /*application='ServiceTicketTracker'*/[0m
  [1m[36mActiveRecord::SchemaMigration Load (0.2ms)[0m  [1m[34mSELECT "schema_migrations"."version" FROM "schema_migrations" ORDER BY "schema_migrations"."version" ASC /*application='ServiceTicketTracker'*/[0m
Processing by Rails::WelcomeController#index as HTML
  Rendering /home/baldur/.local/share/gem/ruby/3.4.0/gems/railties-8.0.2.1/lib/rails/templates/rails/welcome/index.html.erb
  Rendered /home/baldur/.local/share/gem/ruby/3.4.0/gems/railties-8.0.2.1/lib/rails/templates/rails/welcome/index.html.erb (Duration: 0.6ms | GC: 0.0ms)
Completed 200 OK in 21ms (Views: 3.4ms | ActiveRecord: 0.0ms (0 queries, 0 cached) | GC: 0.0ms)


Started GET "/" for 127.0.0.1 at 2025-09-04 18:27:16 -0400
Processing by Rails::WelcomeController#index as HTML
  Rendering /home/baldur/.local/share/gem/ruby/3.4.0/gems/railties-8.0.2.1/lib/rails/templates/rails/welcome/index.html.erb
  Rendered /home/baldur/.local/share/gem/ruby/3.4.0/gems/railties-8.0.2.1/lib/rails/templates/rails/welcome/index.html.erb (Duration: 0.1ms | GC: 0.0ms)
Completed 200 OK in 4ms (Views: 0.2ms | ActiveRecord: 0.0ms (0 queries, 0 cached) | GC: 0.0ms)


Started GET "/" for 127.0.0.1 at 2025-09-04 18:27:37 -0400
Processing by Rails::WelcomeController#index as HTML
  Rendering /home/baldur/.local/share/gem/ruby/3.4.0/gems/railties-8.0.2.1/lib/rails/templates/rails/welcome/index.html.erb
  Rendered /home/baldur/.local/share/gem/ruby/3.4.0/gems/railties-8.0.2.1/lib/rails/templates/rails/welcome/index.html.erb (Duration: 0.6ms | GC: 0.0ms)
Completed 200 OK in 5ms (Views: 0.9ms | ActiveRecord: 0.0ms (0 queries, 0 cached) | GC: 0.0ms)


  [1m[35m (0.1ms)[0m  [1m[34mSELECT pg_try_advisory_lock(2857816646355546645) /*application='ServiceTicketTracker'*/[0m
  [1m[36mActiveRecord::SchemaMigration Load (0.2ms)[0m  [1m[34mSELECT "schema_migrations"."version" FROM "schema_migrations" ORDER BY "schema_migrations"."version" ASC /*application='ServiceTicketTracker'*/[0m
  [1m[36mActiveRecord::InternalMetadata Load (0.2ms)[0m  [1m[34mSELECT * FROM "ar_internal_metadata" WHERE "ar_internal_metadata"."key" = 'environment' ORDER BY "ar_internal_metadata"."key" ASC LIMIT 1 /*application='ServiceTicketTracker'*/[0m
  [1m[36mActiveRecord::InternalMetadata Create (0.6ms)[0m  [1m[32mINSERT INTO "ar_internal_metadata" ("key", "value", "created_at", "updated_at") VALUES ('environment', 'development', '2025-09-04 22:43:04.694036', '2025-09-04 22:43:04.694037') RETURNING "key" /*application='ServiceTicketTracker'*/[0m
Migrating to CreateUsers (20250904223243)
  [1m[36mTRANSACTION (0.0ms)[0m  [1m[35mBEGIN /*application='ServiceTicketTracker'*/[0m
  [1m[35m (1.3ms)[0m  [1m[35mCREATE TABLE "users" ("id" bigserial primary key, "username" character varying, "password_digest" character varying, "created_at" timestamp(6) NOT NULL, "updated_at" timestamp(6) NOT NULL) /*application='ServiceTicketTracker'*/[0m
  [1m[35m (0.3ms)[0m  [1m[35mCREATE UNIQUE INDEX "index_users_on_username" ON "users" ("username") /*application='ServiceTicketTracker'*/[0m
  [1m[36mActiveRecord::SchemaMigration Create (0.2ms)[0m  [1m[32mINSERT INTO "schema_migrations" ("version") VALUES ('20250904223243') RETURNING "version" /*application='ServiceTicketTracker'*/[0m
  [1m[36mTRANSACTION (1.1ms)[0m  [1m[35mCOMMIT /*application='ServiceTicketTracker'*/[0m
Migrating to CreateTicketEnums (20250904223259)
  [1m[36mTRANSACTION (0.0ms)[0m  [1m[35mBEGIN /*application='ServiceTicketTracker'*/[0m
  [1m[35mSQL (0.9ms)[0m  [1m[35mDO $$
BEGIN
    IF NOT EXISTS (
      SELECT 1
      FROM pg_type t
      JOIN pg_namespace n ON t.typnamespace = n.oid
      WHERE t.typname = 'priority'
        AND n.nspname = ANY (current_schemas(false))
    ) THEN
        CREATE TYPE "priority" AS ENUM ('low', 'medium', 'high');
    END IF;
END
$$;
 /*application='ServiceTicketTracker'*/[0m
  [1m[35mSQL (0.2ms)[0m  [1m[35mDO $$
BEGIN
    IF NOT EXISTS (
      SELECT 1
      FROM pg_type t
      JOIN pg_namespace n ON t.typnamespace = n.oid
      WHERE t.typname = 'work_type'
        AND n.nspname = ANY (current_schemas(false))
    ) THEN
        CREATE TYPE "work_type" AS ENUM ('install', 'removal');
    END IF;
END
$$;
 /*application='ServiceTicketTracker'*/[0m
  [1m[36mActiveRecord::SchemaMigration Create (0.3ms)[0m  [1m[32mINSERT INTO "schema_migrations" ("version") VALUES ('20250904223259') RETURNING "version" /*application='ServiceTicketTracker'*/[0m
  [1m[36mTRANSACTION (0.5ms)[0m  [1m[35mCOMMIT /*application='ServiceTicketTracker'*/[0m
Migrating to CreateTickets (20250904223407)
  [1m[36mTRANSACTION (0.0ms)[0m  [1m[35mBEGIN /*application='ServiceTicketTracker'*/[0m
  [1m[35m (0.5ms)[0m  [1m[35mCREATE TABLE "tickets" ("id" bigserial primary key, "account_name" character varying NOT NULL, "city" character varying NOT NULL, "contact_person" character varying, "contact_info" character varying, "priority" priority DEFAULT 'low' NOT NULL, "work_type" work_type, "lease" boolean DEFAULT FALSE NOT NULL, "under_warranty" boolean DEFAULT FALSE NOT NULL, "machine_model_or_type" character varying, "issue_description" text, "requesting_tech_name" character varying, "assigned_to" integer, "created_at" timestamp(6) NOT NULL, "updated_at" timestamp(6) NOT NULL) /*application='ServiceTicketTracker'*/[0m
  [1m[35m (0.1ms)[0m  [1m[35mCREATE INDEX "index_tickets_on_assigned_to" ON "tickets" ("assigned_to") /*application='ServiceTicketTracker'*/[0m
  [1m[35m (0.6ms)[0m  [1m[35mALTER TABLE "tickets" ADD CONSTRAINT "fk_rails_8ff3ec3325"
FOREIGN KEY ("assigned_to")
  REFERENCES "users" ("id")
 /*application='ServiceTicketTracker'*/[0m
  [1m[36mActiveRecord::SchemaMigration Create (0.0ms)[0m  [1m[32mINSERT INTO "schema_migrations" ("version") VALUES ('20250904223407') RETURNING "version" /*application='ServiceTicketTracker'*/[0m
  [1m[36mTRANSACTION (0.6ms)[0m  [1m[35mCOMMIT /*application='ServiceTicketTracker'*/[0m
Migrating to CreateTicketImages (20250904223536)
  [1m[36mTRANSACTION (0.0ms)[0m  [1m[35mBEGIN /*application='ServiceTicketTracker'*/[0m
  [1m[35m (1.0ms)[0m  [1m[35mCREATE TABLE "ticket_images" ("id" bigserial primary key, "url" character varying, "ticket_id" bigint NOT NULL, "created_at" timestamp(6) NOT NULL, "updated_at" timestamp(6) NOT NULL, CONSTRAINT "fk_rails_acdfa4fad0"
FOREIGN KEY ("ticket_id")
  REFERENCES "tickets" ("id")
) /*application='ServiceTicketTracker'*/[0m
  [1m[35m (0.2ms)[0m  [1m[35mCREATE INDEX "index_ticket_images_on_ticket_id" ON "ticket_images" ("ticket_id") /*application='ServiceTicketTracker'*/[0m
  [1m[36mActiveRecord::SchemaMigration Create (0.1ms)[0m  [1m[32mINSERT INTO "schema_migrations" ("version") VALUES ('20250904223536') RETURNING "version" /*application='ServiceTicketTracker'*/[0m
  [1m[36mTRANSACTION (0.5ms)[0m  [1m[35mCOMMIT /*application='ServiceTicketTracker'*/[0m
  [1m[35m (0.1ms)[0m  [1m[34mSELECT pg_advisory_unlock(2857816646355546645) /*application='ServiceTicketTracker'*/[0m
  [1m[36mActiveRecord::SchemaMigration Load (0.0ms)[0m  [1m[34mSELECT "schema_migrations"."version" FROM "schema_migrations" ORDER BY "schema_migrations"."version" ASC /*application='ServiceTicketTracker'*/[0m
Started GET "/" for 127.0.0.1 at 2025-09-04 18:43:38 -0400
  [1m[36mActiveRecord::SchemaMigration Load (0.4ms)[0m  [1m[34mSELECT "schema_migrations"."version" FROM "schema_migrations" ORDER BY "schema_migrations"."version" ASC /*application='ServiceTicketTracker'*/[0m
Processing by TicketsController#index as HTML
  Rendering layout layouts/application.html.erb
  Rendering tickets/index.html.erb within layouts/application
  [1m[36mTicket Exists? (0.1ms)[0m  [1m[34mSELECT 1 AS one FROM "tickets" LIMIT 1 /*action='index',application='ServiceTicketTracker',controller='tickets'*/[0m
  ↳ app/views/tickets/index.html.erb:14
  Rendered tickets/index.html.erb within layouts/application (Duration: 12.4ms | GC: 0.0ms)
  Rendered layout layouts/application.html.erb (Duration: 19.3ms | GC: 0.0ms)
Completed 200 OK in 53ms (Views: 19.4ms | ActiveRecord: 2.4ms (1 query, 0 cached) | GC: 0.0ms)


Started GET "/assets/application-8b441ae0.css" for 127.0.0.1 at 2025-09-04 18:43:38 -0400
Started GET "/assets/tailwind-df0fa769.css" for 127.0.0.1 at 2025-09-04 18:43:38 -0400
Started GET "/assets/application-bfcdf840.js" for 127.0.0.1 at 2025-09-04 18:43:38 -0400
Started GET "/assets/turbo.min-3a2e143f.js" for 127.0.0.1 at 2025-09-04 18:43:38 -0400
Started GET "/assets/stimulus.min-4b1e420e.js" for 127.0.0.1 at 2025-09-04 18:43:38 -0400
Started GET "/assets/stimulus-loading-1fc53fe7.js" for 127.0.0.1 at 2025-09-04 18:43:38 -0400
Started GET "/assets/controllers/application-3affb389.js" for 127.0.0.1 at 2025-09-04 18:43:38 -0400
Started GET "/assets/controllers/hello_controller-708796bd.js" for 127.0.0.1 at 2025-09-04 18:43:38 -0400
Started GET "/assets/controllers/index-ee64e1f1.js" for 127.0.0.1 at 2025-09-04 18:43:38 -0400
Started GET "/tickets/new" for 127.0.0.1 at 2025-09-04 18:43:39 -0400
Processing by TicketsController#new as HTML
  Rendering layout layouts/application.html.erb
  Rendering tickets/new.html.erb within layouts/application
  Rendered tickets/_form.html.erb (Duration: 17.9ms | GC: 0.0ms)
  Rendered tickets/new.html.erb within layouts/application (Duration: 18.6ms | GC: 0.0ms)
  Rendered layout layouts/application.html.erb (Duration: 20.1ms | GC: 0.0ms)
Completed 200 OK in 47ms (Views: 20.5ms | ActiveRecord: 1.5ms (0 queries, 0 cached) | GC: 0.0ms)


Started GET "/tickets/new" for 127.0.0.1 at 2025-09-04 18:43:42 -0400
Processing by TicketsController#new as HTML
  Rendering layout layouts/application.html.erb
  Rendering tickets/new.html.erb within layouts/application
  Rendered tickets/_form.html.erb (Duration: 8.9ms | GC: 0.0ms)
  Rendered tickets/new.html.erb within layouts/application (Duration: 9.5ms | GC: 0.0ms)
  Rendered layout layouts/application.html.erb (Duration: 9.9ms | GC: 0.0ms)
Completed 200 OK in 14ms (Views: 10.1ms | ActiveRecord: 0.0ms (0 queries, 0 cached) | GC: 0.0ms)


Started GET "/tickets/new" for 127.0.0.1 at 2025-09-04 18:43:43 -0400
Processing by TicketsController#new as HTML
  Rendering layout layouts/application.html.erb
  Rendering tickets/new.html.erb within layouts/application
  Rendered tickets/_form.html.erb (Duration: 6.9ms | GC: 0.0ms)
  Rendered tickets/new.html.erb within layouts/application (Duration: 7.6ms | GC: 0.0ms)
  Rendered layout layouts/application.html.erb (Duration: 8.6ms | GC: 0.0ms)
Completed 200 OK in 14ms (Views: 10.2ms | ActiveRecord: 0.0ms (0 queries, 0 cached) | GC: 0.0ms)


Started GET "/tickets/new" for 127.0.0.1 at 2025-09-04 18:43:44 -0400
Processing by TicketsController#new as HTML
  Rendering layout layouts/application.html.erb
  Rendering tickets/new.html.erb within layouts/application
  Rendered tickets/_form.html.erb (Duration: 1.9ms | GC: 0.0ms)
  Rendered tickets/new.html.erb within layouts/application (Duration: 2.2ms | GC: 0.0ms)
  Rendered layout layouts/application.html.erb (Duration: 4.7ms | GC: 0.0ms)
Completed 200 OK in 9ms (Views: 5.0ms | ActiveRecord: 0.0ms (0 queries, 0 cached) | GC: 0.0ms)


Started GET "/" for 127.0.0.1 at 2025-09-04 19:00:09 -0400
  [1m[36mActiveRecord::SchemaMigration Load (0.3ms)[0m  [1m[34mSELECT "schema_migrations"."version" FROM "schema_migrations" ORDER BY "schema_migrations"."version" ASC /*application='ServiceTicketTracker'*/[0m
Processing by TicketsController#index as HTML
  Rendering layout layouts/application.html.erb
  Rendering tickets/index.html.erb within layouts/application
  [1m[36mTicket Load (6.5ms)[0m  [1m[34mSELECT "tickets".* FROM "tickets" /*action='index',application='ServiceTicketTracker',controller='tickets'*/[0m
  ↳ app/views/tickets/index.html.erb:20
  Rendered tickets/index.html.erb within layouts/application (Duration: 8.4ms | GC: 0.0ms)
  Rendered layout layouts/application.html.erb (Duration: 14.3ms | GC: 0.0ms)
Completed 200 OK in 40ms (Views: 8.7ms | ActiveRecord: 8.1ms (1 query, 0 cached) | GC: 0.0ms)


Started GET "/favicon.ico" for 127.0.0.1 at 2025-09-04 19:00:09 -0400
  
ActionController::RoutingError (No route matches [GET] "/favicon.ico"):
  
Started GET "/users" for 127.0.0.1 at 2025-09-04 19:00:12 -0400
Processing by UsersController#index as HTML
  Rendering layout layouts/application.html.erb
  Rendering users/index.html.erb within layouts/application
  [1m[36mUser Load (0.4ms)[0m  [1m[34mSELECT "users".* FROM "users" /*action='index',application='ServiceTicketTracker',controller='users'*/[0m
  ↳ app/views/users/index.html.erb:16
  Rendered users/index.html.erb within layouts/application (Duration: 2.2ms | GC: 0.0ms)
  Rendered layout layouts/application.html.erb (Duration: 4.4ms | GC: 0.0ms)
Completed 200 OK in 15ms (Views: 5.7ms | ActiveRecord: 0.3ms (1 query, 0 cached) | GC: 0.3ms)


Started GET "/users/new" for 127.0.0.1 at 2025-09-04 19:00:15 -0400
Processing by UsersController#new as HTML
  Rendering layout layouts/application.html.erb
  Rendering users/new.html.erb within layouts/application
  Rendered users/_form.html.erb (Duration: 3.4ms | GC: 0.0ms)
  Rendered users/new.html.erb within layouts/application (Duration: 4.0ms | GC: 0.0ms)
  Rendered layout layouts/application.html.erb (Duration: 4.6ms | GC: 0.0ms)
Completed 200 OK in 31ms (Views: 5.8ms | ActiveRecord: 3.0ms (0 queries, 0 cached) | GC: 0.3ms)


Started GET "/tickets" for 127.0.0.1 at 2025-09-04 19:00:18 -0400
Processing by TicketsController#index as HTML
  Rendering layout layouts/application.html.erb
  Rendering tickets/index.html.erb within layouts/application
  [1m[36mTicket Load (0.1ms)[0m  [1m[34mSELECT "tickets".* FROM "tickets" /*action='index',application='ServiceTicketTracker',controller='tickets'*/[0m
  ↳ app/views/tickets/index.html.erb:20
  Rendered tickets/index.html.erb within layouts/application (Duration: 1.9ms | GC: 0.0ms)
  Rendered layout layouts/application.html.erb (Duration: 2.9ms | GC: 0.0ms)
Completed 200 OK in 8ms (Views: 2.9ms | ActiveRecord: 0.1ms (1 query, 0 cached) | GC: 0.3ms)


Started GET "/tickets/new" for 127.0.0.1 at 2025-09-04 19:00:32 -0400
Processing by TicketsController#new as HTML
  Rendering layout layouts/application.html.erb
  Rendering tickets/new.html.erb within layouts/application
  Rendered tickets/_form.html.erb (Duration: 14.1ms | GC: 1.0ms)
  Rendered tickets/new.html.erb within layouts/application (Duration: 14.5ms | GC: 1.0ms)
  Rendered layout layouts/application.html.erb (Duration: 15.3ms | GC: 1.0ms)
Completed 200 OK in 40ms (Views: 15.5ms | ActiveRecord: 1.3ms (0 queries, 0 cached) | GC: 1.3ms)


Started GET "/tickets/new" for 127.0.0.1 at 2025-09-04 19:00:43 -0400
Processing by TicketsController#new as HTML
  Rendering layout layouts/application.html.erb
  Rendering tickets/new.html.erb within layouts/application
  Rendered tickets/_form.html.erb (Duration: 8.6ms | GC: 2.3ms)
  Rendered tickets/new.html.erb within layouts/application (Duration: 8.7ms | GC: 2.3ms)
  Rendered layout layouts/application.html.erb (Duration: 9.4ms | GC: 2.6ms)
Completed 200 OK in 19ms (Views: 9.6ms | ActiveRecord: 0.0ms (0 queries, 0 cached) | GC: 3.1ms)


Started POST "/tickets" for 127.0.0.1 at 2025-09-04 19:01:34 -0400
Processing by TicketsController#create as HTML
  Parameters: {"authenticity_token" => "[FILTERED]", "ticket" => {"account_name" => "test account ", "city" => "NSB", "contact_person" => "MOD", "contact_info" => "MOD", "priority" => "low", "work_type" => "", "lease" => "1", "under_warranty" => "0", "machine_model_or_type" => "cma stand up", "issue_description" => "not working when filling with water", "requesting_tech_name" => "Andrew", "assigned_to" => ""}, "commit" => "Create Ticket"}
  [1m[36mTRANSACTION (0.1ms)[0m  [1m[35mBEGIN /*action='create',application='ServiceTicketTracker',controller='tickets'*/[0m
  ↳ app/controllers/tickets_controller.rb:27:in 'block in TicketsController#create'
  [1m[36mTicket Create (2.2ms)[0m  [1m[32mINSERT INTO "tickets" ("account_name", "city", "contact_person", "contact_info", "priority", "work_type", "lease", "under_warranty", "machine_model_or_type", "issue_description", "requesting_tech_name", "assigned_to", "created_at", "updated_at") VALUES ('test account ', 'NSB', 'MOD', 'MOD', 'low', NULL, TRUE, FALSE, 'cma stand up', 'not working when filling with water', 'Andrew', NULL, '2025-09-04 23:01:34.818317', '2025-09-04 23:01:34.818317') RETURNING "id" /*action='create',application='ServiceTicketTracker',controller='tickets'*/[0m
  ↳ app/controllers/tickets_controller.rb:27:in 'block in TicketsController#create'
  [1m[36mTRANSACTION (0.6ms)[0m  [1m[35mCOMMIT /*action='create',application='ServiceTicketTracker',controller='tickets'*/[0m
  ↳ app/controllers/tickets_controller.rb:27:in 'block in TicketsController#create'
Redirected to http://127.0.0.1:3000/tickets/1
Completed 302 Found in 28ms (ActiveRecord: 2.3ms (1 query, 0 cached) | GC: 3.1ms)


Started GET "/tickets/1" for 127.0.0.1 at 2025-09-04 19:01:34 -0400
Processing by TicketsController#show as HTML
  Parameters: {"id" => "1"}
  [1m[36mTicket Load (0.2ms)[0m  [1m[34mSELECT "tickets".* FROM "tickets" WHERE "tickets"."id" = 1 LIMIT 1 /*action='show',application='ServiceTicketTracker',controller='tickets'*/[0m
  ↳ app/controllers/tickets_controller.rb:63:in 'TicketsController#set_ticket'
  Rendering layout layouts/application.html.erb
  Rendering tickets/show.html.erb within layouts/application
  Rendered tickets/show.html.erb within layouts/application (Duration: 2.7ms | GC: 0.9ms)
  Rendered layout layouts/application.html.erb (Duration: 3.6ms | GC: 1.1ms)
Completed 200 OK in 22ms (Views: 4.4ms | ActiveRecord: 0.2ms (1 query, 0 cached) | GC: 3.8ms)


Started GET "/tickets" for 127.0.0.1 at 2025-09-04 19:01:39 -0400
Processing by TicketsController#index as HTML
  Rendering layout layouts/application.html.erb
  Rendering tickets/index.html.erb within layouts/application
  [1m[36mTicket Load (0.1ms)[0m  [1m[34mSELECT "tickets".* FROM "tickets" /*action='index',application='ServiceTicketTracker',controller='tickets'*/[0m
  ↳ app/views/tickets/index.html.erb:20
  Rendered tickets/index.html.erb within layouts/application (Duration: 4.5ms | GC: 0.0ms)
  Rendered layout layouts/application.html.erb (Duration: 7.0ms | GC: 0.0ms)
Completed 200 OK in 14ms (Views: 7.3ms | ActiveRecord: 0.1ms (1 query, 0 cached) | GC: 0.0ms)


Started GET "/tickets/1" for 127.0.0.1 at 2025-09-04 19:01:42 -0400
Processing by TicketsController#show as HTML
  Parameters: {"id" => "1"}
  [1m[36mTicket Load (0.3ms)[0m  [1m[34mSELECT "tickets".* FROM "tickets" WHERE "tickets"."id" = 1 LIMIT 1 /*action='show',application='ServiceTicketTracker',controller='tickets'*/[0m
  ↳ app/controllers/tickets_controller.rb:63:in 'TicketsController#set_ticket'
  Rendering layout layouts/application.html.erb
  Rendering tickets/show.html.erb within layouts/application
  Rendered tickets/show.html.erb within layouts/application (Duration: 1.6ms | GC: 0.0ms)
  Rendered layout layouts/application.html.erb (Duration: 2.3ms | GC: 0.3ms)
Completed 200 OK in 15ms (Views: 2.5ms | ActiveRecord: 0.3ms (1 query, 0 cached) | GC: 0.3ms)


  [1m[35m (0.1ms)[0m  [1m[34mSELECT pg_try_advisory_lock(2857816646355546645) /*application='ServiceTicketTracker'*/[0m
  [1m[36mActiveRecord::SchemaMigration Load (0.2ms)[0m  [1m[34mSELECT "schema_migrations"."version" FROM "schema_migrations" ORDER BY "schema_migrations"."version" ASC /*application='ServiceTicketTracker'*/[0m
  [1m[36mActiveRecord::InternalMetadata Load (0.2ms)[0m  [1m[34mSELECT * FROM "ar_internal_metadata" WHERE "ar_internal_metadata"."key" = 'environment' ORDER BY "ar_internal_metadata"."key" ASC LIMIT 1 /*application='ServiceTicketTracker'*/[0m
Migrating to AddTicketStageAndCompletedAt (20250904230432)
  [1m[36mTRANSACTION (0.0ms)[0m  [1m[35mBEGIN /*application='ServiceTicketTracker'*/[0m
  [1m[35mSQL (3.2ms)[0m  [1m[35mDO $$
BEGIN
    IF NOT EXISTS (
      SELECT 1
      FROM pg_type t
      JOIN pg_namespace n ON t.typnamespace = n.oid
      WHERE t.typname = 'ticket_stage'
        AND n.nspname = ANY (current_schemas(false))
    ) THEN
        CREATE TYPE "ticket_stage" AS ENUM ('not_scheduled', 'install_removal', 'scheduled_today', 'scheduled_tomorrow', 'parts_needed', 'parts_ready', 'repair_complete');
    END IF;
END
$$;
 /*application='ServiceTicketTracker'*/[0m
  [1m[35m (0.3ms)[0m  [1m[35mALTER TABLE "tickets" ADD "stage" ticket_stage DEFAULT 'not_scheduled' NOT NULL /*application='ServiceTicketTracker'*/[0m
  [1m[35m (0.1ms)[0m  [1m[35mALTER TABLE "tickets" ADD "completed_at" timestamp(6) /*application='ServiceTicketTracker'*/[0m
  [1m[35m (0.4ms)[0m  [1m[35mCREATE INDEX "index_tickets_on_stage" ON "tickets" ("stage") /*application='ServiceTicketTracker'*/[0m
  [1m[35m (0.1ms)[0m  [1m[35mCREATE INDEX "index_tickets_on_completed_at" ON "tickets" ("completed_at") /*application='ServiceTicketTracker'*/[0m
  [1m[36mActiveRecord::SchemaMigration Create (0.1ms)[0m  [1m[32mINSERT INTO "schema_migrations" ("version") VALUES ('20250904230432') RETURNING "version" /*application='ServiceTicketTracker'*/[0m
  [1m[36mTRANSACTION (0.7ms)[0m  [1m[35mCOMMIT /*application='ServiceTicketTracker'*/[0m
  [1m[35m (0.1ms)[0m  [1m[34mSELECT pg_advisory_unlock(2857816646355546645) /*application='ServiceTicketTracker'*/[0m
  [1m[36mActiveRecord::SchemaMigration Load (0.3ms)[0m  [1m[34mSELECT "schema_migrations"."version" FROM "schema_migrations" ORDER BY "schema_migrations"."version" ASC /*application='ServiceTicketTracker'*/[0m
Started GET "/tickets" for 127.0.0.1 at 2025-09-04 19:16:23 -0400
  [1m[36mActiveRecord::SchemaMigration Load (0.3ms)[0m  [1m[34mSELECT "schema_migrations"."version" FROM "schema_migrations" ORDER BY "schema_migrations"."version" ASC /*application='ServiceTicketTracker'*/[0m
Processing by TicketsController#index as HTML
  Rendering layout layouts/application.html.erb
  Rendering tickets/index.html.erb within layouts/application
  Rendered tickets/index.html.erb within layouts/application (Duration: 0.9ms | GC: 0.0ms)
  Rendered layout layouts/application.html.erb (Duration: 1.8ms | GC: 0.0ms)
Completed 500 Internal Server Error in 15ms (ActiveRecord: 0.0ms (0 queries, 0 cached) | GC: 0.0ms)


  
ActionView::Template::Error (undefined method 'each' for nil)
Caused by: NoMethodError (undefined method 'each' for nil)

Information for: ActionView::Template::Error (undefined method 'each' for nil):
    17:     </tr>
    18:     </thead>
    19:     <tbody class="divide-y divide-gray-200 bg-white">
    20:     <% @tickets.each do |ticket| %>
    21:       <tr>
    22:         <td class="px-4 py-3"><%= ticket.account_name %></td>
    23:         <td class="px-4 py-3"><%= ticket.city %></td>
  
app/views/tickets/index.html.erb:20

Information for cause: NoMethodError (undefined method 'each' for nil):
  
app/views/tickets/index.html.erb:20
Started GET "/tickets" for 127.0.0.1 at 2025-09-04 19:18:45 -0400
  [1m[36mActiveRecord::SchemaMigration Load (0.3ms)[0m  [1m[34mSELECT "schema_migrations"."version" FROM "schema_migrations" ORDER BY "schema_migrations"."version" ASC /*application='ServiceTicketTracker'*/[0m
Processing by TicketsController#index as HTML
  Rendering layout layouts/application.html.erb
  Rendering tickets/index.html.erb within layouts/application
  [1m[36mTicket Load (0.3ms)[0m  [1m[34mSELECT "tickets".* FROM "tickets" ORDER BY "tickets"."created_at" DESC /*action='index',application='ServiceTicketTracker',controller='tickets'*/[0m
  ↳ app/views/tickets/index.html.erb:20
  Rendered tickets/index.html.erb within layouts/application (Duration: 12.6ms | GC: 0.0ms)
  Rendered layout layouts/application.html.erb (Duration: 18.6ms | GC: 0.0ms)
Completed 200 OK in 58ms (Views: 19.8ms | ActiveRecord: 4.9ms (1 query, 0 cached) | GC: 0.0ms)


Started GET "/tickets/board" for 127.0.0.1 at 2025-09-04 19:18:49 -0400
Processing by TicketsController#board as HTML
  [1m[36mTicket Load (0.4ms)[0m  [1m[34mSELECT "tickets".* FROM "tickets" /*action='board',application='ServiceTicketTracker',controller='tickets'*/[0m
  ↳ app/controllers/tickets_controller.rb:11:in 'Enumerable#group_by'
  Rendering layout layouts/application.html.erb
  Rendering tickets/board.html.erb within layouts/application
  Rendered tickets/board.html.erb within layouts/application (Duration: 4.3ms | GC: 0.0ms)
  Rendered layout layouts/application.html.erb (Duration: 7.8ms | GC: 0.0ms)
Completed 200 OK in 20ms (Views: 8.3ms | ActiveRecord: 0.3ms (1 query, 0 cached) | GC: 0.0ms)


Started GET "/tickets/board" for 127.0.0.1 at 2025-09-04 19:20:38 -0400
  [1m[36mActiveRecord::SchemaMigration Load (0.3ms)[0m  [1m[34mSELECT "schema_migrations"."version" FROM "schema_migrations" ORDER BY "schema_migrations"."version" ASC /*application='ServiceTicketTracker'*/[0m
Processing by TicketsController#board as HTML
  [1m[36mTicket Load (7.1ms)[0m  [1m[34mSELECT "tickets".* FROM "tickets" /*action='board',application='ServiceTicketTracker',controller='tickets'*/[0m
  ↳ app/controllers/tickets_controller.rb:11:in 'Enumerable#group_by'
  Rendering layout layouts/application.html.erb
  Rendering tickets/board.html.erb within layouts/application
  Rendered tickets/board.html.erb within layouts/application (Duration: 1.7ms | GC: 0.0ms)
  Rendered layout layouts/application.html.erb (Duration: 9.8ms | GC: 0.0ms)
Completed 200 OK in 59ms (Views: 12.4ms | ActiveRecord: 10.4ms (1 query, 0 cached) | GC: 0.0ms)


Started GET "/tickets/board" for 127.0.0.1 at 2025-09-04 19:20:40 -0400
Processing by TicketsController#board as HTML
  [1m[36mTicket Load (0.4ms)[0m  [1m[34mSELECT "tickets".* FROM "tickets" /*action='board',application='ServiceTicketTracker',controller='tickets'*/[0m
  ↳ app/controllers/tickets_controller.rb:11:in 'Enumerable#group_by'
  Rendering layout layouts/application.html.erb
  Rendering tickets/board.html.erb within layouts/application
  Rendered tickets/board.html.erb within layouts/application (Duration: 1.6ms | GC: 0.0ms)
  Rendered layout layouts/application.html.erb (Duration: 3.9ms | GC: 0.0ms)
Completed 200 OK in 17ms (Views: 4.2ms | ActiveRecord: 0.2ms (1 query, 0 cached) | GC: 0.0ms)


Started GET "/tickets" for 127.0.0.1 at 2025-09-04 19:20:42 -0400
Processing by TicketsController#index as HTML
  Rendering layout layouts/application.html.erb
  Rendering tickets/index.html.erb within layouts/application
  [1m[36mTicket Load (0.3ms)[0m  [1m[34mSELECT "tickets".* FROM "tickets" ORDER BY "tickets"."created_at" DESC /*action='index',application='ServiceTicketTracker',controller='tickets'*/[0m
  ↳ app/views/tickets/index.html.erb:20
  Rendered tickets/index.html.erb within layouts/application (Duration: 4.6ms | GC: 0.0ms)
  Rendered layout layouts/application.html.erb (Duration: 5.9ms | GC: 0.0ms)
Completed 200 OK in 14ms (Views: 5.9ms | ActiveRecord: 0.3ms (1 query, 0 cached) | GC: 0.0ms)


Started GET "/tickets/board" for 127.0.0.1 at 2025-09-04 19:20:43 -0400
Processing by TicketsController#board as HTML
  [1m[36mTicket Load (0.2ms)[0m  [1m[34mSELECT "tickets".* FROM "tickets" /*action='board',application='ServiceTicketTracker',controller='tickets'*/[0m
  ↳ app/controllers/tickets_controller.rb:11:in 'Enumerable#group_by'
  Rendering layout layouts/application.html.erb
  Rendering tickets/board.html.erb within layouts/application
  Rendered tickets/board.html.erb within layouts/application (Duration: 0.2ms | GC: 0.0ms)
  Rendered layout layouts/application.html.erb (Duration: 1.6ms | GC: 0.0ms)
Completed 200 OK in 7ms (Views: 1.8ms | ActiveRecord: 0.2ms (1 query, 0 cached) | GC: 0.0ms)


Started GET "/tickets/board" for 127.0.0.1 at 2025-09-04 19:24:13 -0400
  [1m[36mActiveRecord::SchemaMigration Load (0.3ms)[0m  [1m[34mSELECT "schema_migrations"."version" FROM "schema_migrations" ORDER BY "schema_migrations"."version" ASC /*application='ServiceTicketTracker'*/[0m
Processing by TicketsController#board as HTML
  [1m[36mTicket Load (6.1ms)[0m  [1m[34mSELECT "tickets".* FROM "tickets" /*action='board',application='ServiceTicketTracker',controller='tickets'*/[0m
  ↳ app/controllers/tickets_controller.rb:11:in 'Enumerable#group_by'
  Rendering layout layouts/application.html.erb
  Rendering tickets/board.html.erb within layouts/application
  Rendered tickets/board.html.erb within layouts/application (Duration: 1.7ms | GC: 0.0ms)
  Rendered layout layouts/application.html.erb (Duration: 9.8ms | GC: 0.0ms)
Completed 200 OK in 59ms (Views: 12.5ms | ActiveRecord: 9.7ms (1 query, 0 cached) | GC: 0.0ms)


Started GET "/tickets/board" for 127.0.0.1 at 2025-09-04 19:25:47 -0400
Processing by TicketsController#board as HTML
  [1m[36mTicket Load (0.9ms)[0m  [1m[34mSELECT "tickets".* FROM "tickets" /*action='board',application='ServiceTicketTracker',controller='tickets'*/[0m
  ↳ app/controllers/tickets_controller.rb:11:in 'Enumerable#group_by'
  Rendering layout layouts/application.html.erb
  Rendering tickets/board.html.erb within layouts/application
  Rendered tickets/board.html.erb within layouts/application (Duration: 1.6ms | GC: 0.0ms)
  Rendered layout layouts/application.html.erb (Duration: 5.6ms | GC: 0.0ms)
Completed 200 OK in 34ms (Views: 6.3ms | ActiveRecord: 0.5ms (1 query, 0 cached) | GC: 0.0ms)


Started GET "/tickets/board" for 127.0.0.1 at 2025-09-04 19:26:50 -0400
  [1m[36mActiveRecord::SchemaMigration Load (0.4ms)[0m  [1m[34mSELECT "schema_migrations"."version" FROM "schema_migrations" ORDER BY "schema_migrations"."version" ASC /*application='ServiceTicketTracker'*/[0m
Processing by TicketsController#board as HTML
  [1m[36mTicket Load (10.0ms)[0m  [1m[34mSELECT "tickets".* FROM "tickets" /*action='board',application='ServiceTicketTracker',controller='tickets'*/[0m
  ↳ app/controllers/tickets_controller.rb:11:in 'Enumerable#group_by'
  Rendering layout layouts/application.html.erb
  Rendering tickets/board.html.erb within layouts/application
  Rendered tickets/board.html.erb within layouts/application (Duration: 1.7ms | GC: 0.0ms)
  Rendered layout layouts/application.html.erb (Duration: 10.0ms | GC: 0.0ms)
Completed 200 OK in 67ms (Views: 12.5ms | ActiveRecord: 14.8ms (1 query, 0 cached) | GC: 0.0ms)


Started GET "/tickets/board" for 127.0.0.1 at 2025-09-04 19:27:10 -0400
Processing by TicketsController#board as HTML
  [1m[36mTicket Load (0.7ms)[0m  [1m[34mSELECT "tickets".* FROM "tickets" /*action='board',application='ServiceTicketTracker',controller='tickets'*/[0m
  ↳ app/controllers/tickets_controller.rb:11:in 'Enumerable#group_by'
  Rendering layout layouts/application.html.erb
  Rendering tickets/board.html.erb within layouts/application
  Rendered tickets/board.html.erb within layouts/application (Duration: 1.6ms | GC: 0.0ms)
  Rendered layout layouts/application.html.erb (Duration: 3.9ms | GC: 0.0ms)
Completed 200 OK in 24ms (Views: 4.3ms | ActiveRecord: 0.4ms (1 query, 0 cached) | GC: 0.0ms)


Started GET "/assets/application-bfcdf840.js" for 127.0.0.1 at 2025-09-04 19:27:10 -0400
Started GET "/favicon.ico" for 127.0.0.1 at 2025-09-04 19:27:10 -0400
  
ActionController::RoutingError (No route matches [GET] "/favicon.ico"):
  
Started GET "/tickets/board" for 127.0.0.1 at 2025-09-04 19:27:19 -0400
Processing by TicketsController#board as HTML
  [1m[36mTicket Load (0.3ms)[0m  [1m[34mSELECT "tickets".* FROM "tickets" /*action='board',application='ServiceTicketTracker',controller='tickets'*/[0m
  ↳ app/controllers/tickets_controller.rb:11:in 'Enumerable#group_by'
  Rendering layout layouts/application.html.erb
  Rendering tickets/board.html.erb within layouts/application
  Rendered tickets/board.html.erb within layouts/application (Duration: 4.0ms | GC: 0.0ms)
  Rendered layout layouts/application.html.erb (Duration: 5.5ms | GC: 0.0ms)
Completed 200 OK in 18ms (Views: 9.3ms | ActiveRecord: 0.3ms (1 query, 0 cached) | GC: 0.0ms)


Started GET "/assets/application-8b441ae0.css" for 127.0.0.1 at 2025-09-04 19:27:19 -0400
Started GET "/assets/application-bfcdf840.js" for 127.0.0.1 at 2025-09-04 19:27:19 -0400
Started GET "/tickets/board" for 127.0.0.1 at 2025-09-04 19:34:43 -0400
  [1m[36mActiveRecord::SchemaMigration Load (0.3ms)[0m  [1m[34mSELECT "schema_migrations"."version" FROM "schema_migrations" ORDER BY "schema_migrations"."version" ASC /*application='ServiceTicketTracker'*/[0m
Processing by TicketsController#board as HTML
  [1m[36mTicket Load (9.9ms)[0m  [1m[34mSELECT "tickets".* FROM "tickets" /*action='board',application='ServiceTicketTracker',controller='tickets'*/[0m
  ↳ app/controllers/tickets_controller.rb:11:in 'Enumerable#group_by'
  Rendering layout layouts/application.html.erb
  Rendering tickets/board.html.erb within layouts/application
  Rendered tickets/board.html.erb within layouts/application (Duration: 1.5ms | GC: 0.0ms)
  Rendered layout layouts/application.html.erb (Duration: 9.8ms | GC: 0.0ms)
Completed 200 OK in 62ms (Views: 12.3ms | ActiveRecord: 14.7ms (1 query, 0 cached) | GC: 0.0ms)


Started GET "/assets/application-b7fa8dad.css" for 127.0.0.1 at 2025-09-04 19:34:43 -0400
Started PATCH "/tickets/1/stage" for 127.0.0.1 at 2025-09-04 19:34:48 -0400
Processing by TicketsController#update_stage as JSON
  Parameters: {"stage" => "install_removal", "id" => "1", "ticket" => {"stage" => "install_removal"}}
  [1m[36mTicket Load (0.6ms)[0m  [1m[34mSELECT "tickets".* FROM "tickets" WHERE "tickets"."id" = 1 LIMIT 1 /*action='update_stage',application='ServiceTicketTracker',controller='tickets'*/[0m
  ↳ app/controllers/tickets_controller.rb:16:in 'TicketsController#update_stage'
  [1m[36mTRANSACTION (0.0ms)[0m  [1m[35mBEGIN /*action='update_stage',application='ServiceTicketTracker',controller='tickets'*/[0m
  ↳ app/controllers/tickets_controller.rb:26:in 'TicketsController#update_stage'
  [1m[36mTicket Update (0.7ms)[0m  [1m[33mUPDATE "tickets" SET "updated_at" = '2025-09-04 23:34:48.412546', "stage" = 'install_removal' WHERE "tickets"."id" = 1 /*action='update_stage',application='ServiceTicketTracker',controller='tickets'*/[0m
  ↳ app/controllers/tickets_controller.rb:26:in 'TicketsController#update_stage'
  [1m[36mTRANSACTION (0.3ms)[0m  [1m[35mCOMMIT /*action='update_stage',application='ServiceTicketTracker',controller='tickets'*/[0m
  ↳ app/controllers/tickets_controller.rb:26:in 'TicketsController#update_stage'
Completed 200 OK in 27ms (Views: 0.0ms | ActiveRecord: 1.5ms (2 queries, 0 cached) | GC: 0.0ms)


Started GET "/tickets/1" for 127.0.0.1 at 2025-09-04 19:34:51 -0400
Processing by TicketsController#show as HTML
  Parameters: {"id" => "1"}
  Rendering layout layouts/application.html.erb
  Rendering tickets/show.html.erb within layouts/application
  Rendered tickets/show.html.erb within layouts/application (Duration: 1.0ms | GC: 0.0ms)
  Rendered layout layouts/application.html.erb (Duration: 1.3ms | GC: 0.0ms)
Completed 500 Internal Server Error in 6ms (ActiveRecord: 0.0ms (0 queries, 0 cached) | GC: 0.0ms)


  
ActionView::Template::Error (undefined method 'account_name' for nil)
Caused by: NoMethodError (undefined method 'account_name' for nil)

Information for: ActionView::Template::Error (undefined method 'account_name' for nil):
    1: <div class="mb-4 flex items-center justify-between">
    2:   <h1 class="text-xl font-semibold"><%= @ticket.account_name %></h1>
    3:   <div class="space-x-2">
    4:     <%= link_to "Edit", edit_ticket_path(@ticket), class: "inline-flex items-center rounded-md border border-gray-300 px-3 py-2 text-sm font-semibold text-gray-700 hover:bg-gray-50" %>
    5:     <%= link_to "Back", tickets_path, class: "inline-flex items-center rounded-md bg-gray-800 px-3 py-2 text-sm font-semibold text-white hover:bg-gray-700" %>
  
app/views/tickets/show.html.erb:2

Information for cause: NoMethodError (undefined method 'account_name' for nil):
  
app/views/tickets/show.html.erb:2
Started GET "/tickets/1" for 127.0.0.1 at 2025-09-04 19:36:03 -0400
Processing by TicketsController#show as HTML
  Parameters: {"id" => "1"}
Completed 404 Not Found in 5ms (ActiveRecord: 0.0ms (0 queries, 0 cached) | GC: 0.0ms)


  
AbstractController::ActionNotFound (The update action could not be found for the :set_ticket
callback on TicketsController, but it is listed in the controller's
:only option.

Raising for missing callback actions is a new default in Rails 7.1, if you'd
like to turn this off you can delete the option from the environment configurations
or set `config.action_controller.raise_on_missing_callback_actions` to `false`.
):
  
actionpack (8.0.2.1) lib/abstract_controller/callbacks.rb:62:in 'AbstractController::Callbacks::ActionFilter#match?'
activesupport (8.0.2.1) lib/active_support/callbacks.rb:384:in 'block in ActiveSupport::Callbacks::CallTemplate::ObjectCall#make_lambda'
activesupport (8.0.2.1) lib/active_support/callbacks.rb:177:in 'block in ActiveSupport::Callbacks::Filters::Before#call'
activesupport (8.0.2.1) lib/active_support/callbacks.rb:177:in 'Array#all?'
activesupport (8.0.2.1) lib/active_support/callbacks.rb:177:in 'ActiveSupport::Callbacks::Filters::Before#call'
activesupport (8.0.2.1) lib/active_support/callbacks.rb:559:in 'block in ActiveSupport::Callbacks::CallbackSequence#invoke_before'
activesupport (8.0.2.1) lib/active_support/callbacks.rb:559:in 'Array#each'
activesupport (8.0.2.1) lib/active_support/callbacks.rb:559:in 'ActiveSupport::Callbacks::CallbackSequence#invoke_before'
activesupport (8.0.2.1) lib/active_support/callbacks.rb:118:in 'block in ActiveSupport::Callbacks#run_callbacks'
turbo-rails (2.0.16) lib/turbo-rails.rb:24:in 'Turbo.with_request_id'
turbo-rails (2.0.16) app/controllers/concerns/turbo/request_id_tracking.rb:10:in 'Turbo::RequestIdTracking#turbo_tracking_request_id'
activesupport (8.0.2.1) lib/active_support/callbacks.rb:129:in 'block in ActiveSupport::Callbacks#run_callbacks'
actiontext (8.0.2.1) lib/action_text/rendering.rb:25:in 'ActionText::Rendering::ClassMethods#with_renderer'
actiontext (8.0.2.1) lib/action_text/engine.rb:71:in 'block (4 levels) in <class:Engine>'
activesupport (8.0.2.1) lib/active_support/callbacks.rb:129:in 'BasicObject#instance_exec'
activesupport (8.0.2.1) lib/active_support/callbacks.rb:129:in 'block in ActiveSupport::Callbacks#run_callbacks'
activesupport (8.0.2.1) lib/active_support/callbacks.rb:140:in 'ActiveSupport::Callbacks#run_callbacks'
actionpack (8.0.2.1) lib/abstract_controller/callbacks.rb:260:in 'AbstractController::Callbacks#process_action'
actionpack (8.0.2.1) lib/action_controller/metal/rescue.rb:27:in 'ActionController::Rescue#process_action'
actionpack (8.0.2.1) lib/action_controller/metal/instrumentation.rb:76:in 'block in ActionController::Instrumentation#process_action'
activesupport (8.0.2.1) lib/active_support/notifications.rb:210:in 'block in ActiveSupport::Notifications.instrument'
activesupport (8.0.2.1) lib/active_support/notifications/instrumenter.rb:58:in 'ActiveSupport::Notifications::Instrumenter#instrument'
activesupport (8.0.2.1) lib/active_support/notifications.rb:210:in 'ActiveSupport::Notifications.instrument'
actionpack (8.0.2.1) lib/action_controller/metal/instrumentation.rb:75:in 'ActionController::Instrumentation#process_action'
actionpack (8.0.2.1) lib/action_controller/metal/params_wrapper.rb:259:in 'ActionController::ParamsWrapper#process_action'
activerecord (8.0.2.1) lib/active_record/railties/controller_runtime.rb:39:in 'ActiveRecord::Railties::ControllerRuntime#process_action'
actionpack (8.0.2.1) lib/abstract_controller/base.rb:163:in 'AbstractController::Base#process'
actionview (8.0.2.1) lib/action_view/rendering.rb:40:in 'ActionView::Rendering#process'
actionpack (8.0.2.1) lib/action_controller/metal.rb:252:in 'ActionController::Metal#dispatch'
actionpack (8.0.2.1) lib/action_controller/metal.rb:335:in 'ActionController::Metal.dispatch'
actionpack (8.0.2.1) lib/action_dispatch/routing/route_set.rb:67:in 'ActionDispatch::Routing::RouteSet::Dispatcher#dispatch'
actionpack (8.0.2.1) lib/action_dispatch/routing/route_set.rb:50:in 'ActionDispatch::Routing::RouteSet::Dispatcher#serve'
actionpack (8.0.2.1) lib/action_dispatch/journey/router.rb:53:in 'block in ActionDispatch::Journey::Router#serve'
actionpack (8.0.2.1) lib/action_dispatch/journey/router.rb:133:in 'block in ActionDispatch::Journey::Router#find_routes'
actionpack (8.0.2.1) lib/action_dispatch/journey/router.rb:126:in 'Array#each'
actionpack (8.0.2.1) lib/action_dispatch/journey/router.rb:126:in 'ActionDispatch::Journey::Router#find_routes'
actionpack (8.0.2.1) lib/action_dispatch/journey/router.rb:34:in 'ActionDispatch::Journey::Router#serve'
actionpack (8.0.2.1) lib/action_dispatch/routing/route_set.rb:908:in 'ActionDispatch::Routing::RouteSet#call'
railties (8.0.2.1) lib/rails/engine/lazy_route_set.rb:68:in 'Rails::Engine::LazyRouteSet#call'
rack (3.2.1) lib/rack/tempfile_reaper.rb:20:in 'Rack::TempfileReaper#call'
rack (3.2.1) lib/rack/etag.rb:29:in 'Rack::ETag#call'
rack (3.2.1) lib/rack/conditional_get.rb:31:in 'Rack::ConditionalGet#call'
rack (3.2.1) lib/rack/head.rb:15:in 'Rack::Head#call'
actionpack (8.0.2.1) lib/action_dispatch/http/permissions_policy.rb:38:in 'ActionDispatch::PermissionsPolicy::Middleware#call'
actionpack (8.0.2.1) lib/action_dispatch/http/content_security_policy.rb:38:in 'ActionDispatch::ContentSecurityPolicy::Middleware#call'
rack-session (2.1.1) lib/rack/session/abstract/id.rb:274:in 'Rack::Session::Abstract::Persisted#context'
rack-session (2.1.1) lib/rack/session/abstract/id.rb:268:in 'Rack::Session::Abstract::Persisted#call'
actionpack (8.0.2.1) lib/action_dispatch/middleware/cookies.rb:706:in 'ActionDispatch::Cookies#call'
activerecord (8.0.2.1) lib/active_record/migration.rb:671:in 'ActiveRecord::Migration::CheckPending#call'
actionpack (8.0.2.1) lib/action_dispatch/middleware/callbacks.rb:31:in 'block in ActionDispatch::Callbacks#call'
activesupport (8.0.2.1) lib/active_support/callbacks.rb:100:in 'ActiveSupport::Callbacks#run_callbacks'
actionpack (8.0.2.1) lib/action_dispatch/middleware/callbacks.rb:30:in 'ActionDispatch::Callbacks#call'
actionpack (8.0.2.1) lib/action_dispatch/middleware/executor.rb:16:in 'ActionDispatch::Executor#call'
actionpack (8.0.2.1) lib/action_dispatch/middleware/actionable_exceptions.rb:18:in 'ActionDispatch::ActionableExceptions#call'
actionpack (8.0.2.1) lib/action_dispatch/middleware/debug_exceptions.rb:31:in 'ActionDispatch::DebugExceptions#call'
web-console (4.2.1) lib/web_console/middleware.rb:132:in 'WebConsole::Middleware#call_app'
web-console (4.2.1) lib/web_console/middleware.rb:28:in 'block in WebConsole::Middleware#call'
web-console (4.2.1) lib/web_console/middleware.rb:17:in 'Kernel#catch'
web-console (4.2.1) lib/web_console/middleware.rb:17:in 'WebConsole::Middleware#call'
actionpack (8.0.2.1) lib/action_dispatch/middleware/show_exceptions.rb:32:in 'ActionDispatch::ShowExceptions#call'
railties (8.0.2.1) lib/rails/rack/logger.rb:41:in 'Rails::Rack::Logger#call_app'
railties (8.0.2.1) lib/rails/rack/logger.rb:29:in 'Rails::Rack::Logger#call'
actionpack (8.0.2.1) lib/action_dispatch/middleware/remote_ip.rb:96:in 'ActionDispatch::RemoteIp#call'
actionpack (8.0.2.1) lib/action_dispatch/middleware/request_id.rb:34:in 'ActionDispatch::RequestId#call'
rack (3.2.1) lib/rack/method_override.rb:28:in 'Rack::MethodOverride#call'
rack (3.2.1) lib/rack/runtime.rb:24:in 'Rack::Runtime#call'
actionpack (8.0.2.1) lib/action_dispatch/middleware/server_timing.rb:61:in 'block in ActionDispatch::ServerTiming#call'
actionpack (8.0.2.1) lib/action_dispatch/middleware/server_timing.rb:26:in 'ActionDispatch::ServerTiming::Subscriber#collect_events'
actionpack (8.0.2.1) lib/action_dispatch/middleware/server_timing.rb:60:in 'ActionDispatch::ServerTiming#call'
actionpack (8.0.2.1) lib/action_dispatch/middleware/executor.rb:16:in 'ActionDispatch::Executor#call'
actionpack (8.0.2.1) lib/action_dispatch/middleware/static.rb:27:in 'ActionDispatch::Static#call'
rack (3.2.1) lib/rack/sendfile.rb:114:in 'Rack::Sendfile#call'
actionpack (8.0.2.1) lib/action_dispatch/middleware/host_authorization.rb:143:in 'ActionDispatch::HostAuthorization#call'
railties (8.0.2.1) lib/rails/engine.rb:535:in 'Rails::Engine#call'
puma (7.0.0) lib/puma/configuration.rb:297:in 'Puma::Configuration::ConfigMiddleware#call'
puma (7.0.0) lib/puma/request.rb:101:in 'block in Puma::Request#handle_request'
puma (7.0.0) lib/puma/thread_pool.rb:336:in 'Puma::ThreadPool#with_force_shutdown'
puma (7.0.0) lib/puma/request.rb:100:in 'Puma::Request#handle_request'
puma (7.0.0) lib/puma/server.rb:497:in 'Puma::Server#process_client'
puma (7.0.0) lib/puma/server.rb:266:in 'block in Puma::Server#run'
puma (7.0.0) lib/puma/thread_pool.rb:172:in 'block in Puma::ThreadPool#spawn_thread'
Started GET "/tickets/1" for 127.0.0.1 at 2025-09-04 19:37:22 -0400
Processing by TicketsController#show as HTML
  Parameters: {"id" => "1"}
Completed 404 Not Found in 4ms (ActiveRecord: 0.0ms (0 queries, 0 cached) | GC: 0.0ms)


  
AbstractController::ActionNotFound (The create action could not be found for the :set_ticket
callback on TicketsController, but it is listed in the controller's
:except option.

Raising for missing callback actions is a new default in Rails 7.1, if you'd
like to turn this off you can delete the option from the environment configurations
or set `config.action_controller.raise_on_missing_callback_actions` to `false`.
):
  
actionpack (8.0.2.1) lib/abstract_controller/callbacks.rb:62:in 'AbstractController::Callbacks::ActionFilter#match?'
activesupport (8.0.2.1) lib/active_support/callbacks.rb:390:in 'block in ActiveSupport::Callbacks::CallTemplate::ObjectCall#inverted_lambda'
activesupport (8.0.2.1) lib/active_support/callbacks.rb:177:in 'block in ActiveSupport::Callbacks::Filters::Before#call'
activesupport (8.0.2.1) lib/active_support/callbacks.rb:177:in 'Array#all?'
activesupport (8.0.2.1) lib/active_support/callbacks.rb:177:in 'ActiveSupport::Callbacks::Filters::Before#call'
activesupport (8.0.2.1) lib/active_support/callbacks.rb:559:in 'block in ActiveSupport::Callbacks::CallbackSequence#invoke_before'
activesupport (8.0.2.1) lib/active_support/callbacks.rb:559:in 'Array#each'
activesupport (8.0.2.1) lib/active_support/callbacks.rb:559:in 'ActiveSupport::Callbacks::CallbackSequence#invoke_before'
activesupport (8.0.2.1) lib/active_support/callbacks.rb:118:in 'block in ActiveSupport::Callbacks#run_callbacks'
turbo-rails (2.0.16) lib/turbo-rails.rb:24:in 'Turbo.with_request_id'
turbo-rails (2.0.16) app/controllers/concerns/turbo/request_id_tracking.rb:10:in 'Turbo::RequestIdTracking#turbo_tracking_request_id'
activesupport (8.0.2.1) lib/active_support/callbacks.rb:129:in 'block in ActiveSupport::Callbacks#run_callbacks'
actiontext (8.0.2.1) lib/action_text/rendering.rb:25:in 'ActionText::Rendering::ClassMethods#with_renderer'
actiontext (8.0.2.1) lib/action_text/engine.rb:71:in 'block (4 levels) in <class:Engine>'
activesupport (8.0.2.1) lib/active_support/callbacks.rb:129:in 'BasicObject#instance_exec'
activesupport (8.0.2.1) lib/active_support/callbacks.rb:129:in 'block in ActiveSupport::Callbacks#run_callbacks'
activesupport (8.0.2.1) lib/active_support/callbacks.rb:140:in 'ActiveSupport::Callbacks#run_callbacks'
actionpack (8.0.2.1) lib/abstract_controller/callbacks.rb:260:in 'AbstractController::Callbacks#process_action'
actionpack (8.0.2.1) lib/action_controller/metal/rescue.rb:27:in 'ActionController::Rescue#process_action'
actionpack (8.0.2.1) lib/action_controller/metal/instrumentation.rb:76:in 'block in ActionController::Instrumentation#process_action'
activesupport (8.0.2.1) lib/active_support/notifications.rb:210:in 'block in ActiveSupport::Notifications.instrument'
activesupport (8.0.2.1) lib/active_support/notifications/instrumenter.rb:58:in 'ActiveSupport::Notifications::Instrumenter#instrument'
activesupport (8.0.2.1) lib/active_support/notifications.rb:210:in 'ActiveSupport::Notifications.instrument'
actionpack (8.0.2.1) lib/action_controller/metal/instrumentation.rb:75:in 'ActionController::Instrumentation#process_action'
actionpack (8.0.2.1) lib/action_controller/metal/params_wrapper.rb:259:in 'ActionController::ParamsWrapper#process_action'
activerecord (8.0.2.1) lib/active_record/railties/controller_runtime.rb:39:in 'ActiveRecord::Railties::ControllerRuntime#process_action'
actionpack (8.0.2.1) lib/abstract_controller/base.rb:163:in 'AbstractController::Base#process'
actionview (8.0.2.1) lib/action_view/rendering.rb:40:in 'ActionView::Rendering#process'
actionpack (8.0.2.1) lib/action_controller/metal.rb:252:in 'ActionController::Metal#dispatch'
actionpack (8.0.2.1) lib/action_controller/metal.rb:335:in 'ActionController::Metal.dispatch'
actionpack (8.0.2.1) lib/action_dispatch/routing/route_set.rb:67:in 'ActionDispatch::Routing::RouteSet::Dispatcher#dispatch'
actionpack (8.0.2.1) lib/action_dispatch/routing/route_set.rb:50:in 'ActionDispatch::Routing::RouteSet::Dispatcher#serve'
actionpack (8.0.2.1) lib/action_dispatch/journey/router.rb:53:in 'block in ActionDispatch::Journey::Router#serve'
actionpack (8.0.2.1) lib/action_dispatch/journey/router.rb:133:in 'block in ActionDispatch::Journey::Router#find_routes'
actionpack (8.0.2.1) lib/action_dispatch/journey/router.rb:126:in 'Array#each'
actionpack (8.0.2.1) lib/action_dispatch/journey/router.rb:126:in 'ActionDispatch::Journey::Router#find_routes'
actionpack (8.0.2.1) lib/action_dispatch/journey/router.rb:34:in 'ActionDispatch::Journey::Router#serve'
actionpack (8.0.2.1) lib/action_dispatch/routing/route_set.rb:908:in 'ActionDispatch::Routing::RouteSet#call'
railties (8.0.2.1) lib/rails/engine/lazy_route_set.rb:68:in 'Rails::Engine::LazyRouteSet#call'
rack (3.2.1) lib/rack/tempfile_reaper.rb:20:in 'Rack::TempfileReaper#call'
rack (3.2.1) lib/rack/etag.rb:29:in 'Rack::ETag#call'
rack (3.2.1) lib/rack/conditional_get.rb:31:in 'Rack::ConditionalGet#call'
rack (3.2.1) lib/rack/head.rb:15:in 'Rack::Head#call'
actionpack (8.0.2.1) lib/action_dispatch/http/permissions_policy.rb:38:in 'ActionDispatch::PermissionsPolicy::Middleware#call'
actionpack (8.0.2.1) lib/action_dispatch/http/content_security_policy.rb:38:in 'ActionDispatch::ContentSecurityPolicy::Middleware#call'
rack-session (2.1.1) lib/rack/session/abstract/id.rb:274:in 'Rack::Session::Abstract::Persisted#context'
rack-session (2.1.1) lib/rack/session/abstract/id.rb:268:in 'Rack::Session::Abstract::Persisted#call'
actionpack (8.0.2.1) lib/action_dispatch/middleware/cookies.rb:706:in 'ActionDispatch::Cookies#call'
activerecord (8.0.2.1) lib/active_record/migration.rb:671:in 'ActiveRecord::Migration::CheckPending#call'
actionpack (8.0.2.1) lib/action_dispatch/middleware/callbacks.rb:31:in 'block in ActionDispatch::Callbacks#call'
activesupport (8.0.2.1) lib/active_support/callbacks.rb:100:in 'ActiveSupport::Callbacks#run_callbacks'
actionpack (8.0.2.1) lib/action_dispatch/middleware/callbacks.rb:30:in 'ActionDispatch::Callbacks#call'
actionpack (8.0.2.1) lib/action_dispatch/middleware/executor.rb:16:in 'ActionDispatch::Executor#call'
actionpack (8.0.2.1) lib/action_dispatch/middleware/actionable_exceptions.rb:18:in 'ActionDispatch::ActionableExceptions#call'
actionpack (8.0.2.1) lib/action_dispatch/middleware/debug_exceptions.rb:31:in 'ActionDispatch::DebugExceptions#call'
web-console (4.2.1) lib/web_console/middleware.rb:132:in 'WebConsole::Middleware#call_app'
web-console (4.2.1) lib/web_console/middleware.rb:28:in 'block in WebConsole::Middleware#call'
web-console (4.2.1) lib/web_console/middleware.rb:17:in 'Kernel#catch'
web-console (4.2.1) lib/web_console/middleware.rb:17:in 'WebConsole::Middleware#call'
actionpack (8.0.2.1) lib/action_dispatch/middleware/show_exceptions.rb:32:in 'ActionDispatch::ShowExceptions#call'
railties (8.0.2.1) lib/rails/rack/logger.rb:41:in 'Rails::Rack::Logger#call_app'
railties (8.0.2.1) lib/rails/rack/logger.rb:29:in 'Rails::Rack::Logger#call'
actionpack (8.0.2.1) lib/action_dispatch/middleware/remote_ip.rb:96:in 'ActionDispatch::RemoteIp#call'
actionpack (8.0.2.1) lib/action_dispatch/middleware/request_id.rb:34:in 'ActionDispatch::RequestId#call'
rack (3.2.1) lib/rack/method_override.rb:28:in 'Rack::MethodOverride#call'
rack (3.2.1) lib/rack/runtime.rb:24:in 'Rack::Runtime#call'
actionpack (8.0.2.1) lib/action_dispatch/middleware/server_timing.rb:61:in 'block in ActionDispatch::ServerTiming#call'
actionpack (8.0.2.1) lib/action_dispatch/middleware/server_timing.rb:26:in 'ActionDispatch::ServerTiming::Subscriber#collect_events'
actionpack (8.0.2.1) lib/action_dispatch/middleware/server_timing.rb:60:in 'ActionDispatch::ServerTiming#call'
actionpack (8.0.2.1) lib/action_dispatch/middleware/executor.rb:16:in 'ActionDispatch::Executor#call'
actionpack (8.0.2.1) lib/action_dispatch/middleware/static.rb:27:in 'ActionDispatch::Static#call'
rack (3.2.1) lib/rack/sendfile.rb:114:in 'Rack::Sendfile#call'
actionpack (8.0.2.1) lib/action_dispatch/middleware/host_authorization.rb:143:in 'ActionDispatch::HostAuthorization#call'
railties (8.0.2.1) lib/rails/engine.rb:535:in 'Rails::Engine#call'
puma (7.0.0) lib/puma/configuration.rb:297:in 'Puma::Configuration::ConfigMiddleware#call'
puma (7.0.0) lib/puma/request.rb:101:in 'block in Puma::Request#handle_request'
puma (7.0.0) lib/puma/thread_pool.rb:336:in 'Puma::ThreadPool#with_force_shutdown'
puma (7.0.0) lib/puma/request.rb:100:in 'Puma::Request#handle_request'
puma (7.0.0) lib/puma/server.rb:497:in 'Puma::Server#process_client'
puma (7.0.0) lib/puma/server.rb:266:in 'block in Puma::Server#run'
puma (7.0.0) lib/puma/thread_pool.rb:172:in 'block in Puma::ThreadPool#spawn_thread'
Started GET "/tickets/1" for 127.0.0.1 at 2025-09-04 19:38:11 -0400
Processing by TicketsController#show as HTML
  Parameters: {"id" => "1"}
  [1m[36mTicket Load (0.3ms)[0m  [1m[34mSELECT "tickets".* FROM "tickets" WHERE "tickets"."id" = 1 LIMIT 1 /*action='show',application='ServiceTicketTracker',controller='tickets'*/[0m
  ↳ app/controllers/tickets_controller.rb:47:in 'TicketsController#set_ticket'
  Rendering layout layouts/application.html.erb
  Rendering tickets/show.html.erb within layouts/application
  Rendered tickets/show.html.erb within layouts/application (Duration: 1.8ms | GC: 0.2ms)
  Rendered layout layouts/application.html.erb (Duration: 4.1ms | GC: 0.9ms)
Completed 200 OK in 43ms (Views: 5.7ms | ActiveRecord: 1.4ms (1 query, 0 cached) | GC: 6.3ms)


Started GET "/tickets" for 127.0.0.1 at 2025-09-04 19:38:19 -0400
Processing by TicketsController#index as HTML
  Rendering layout layouts/application.html.erb
  Rendering tickets/index.html.erb within layouts/application
  [1m[36mTicket Load (0.3ms)[0m  [1m[34mSELECT "tickets".* FROM "tickets" ORDER BY "tickets"."created_at" DESC /*action='index',application='ServiceTicketTracker',controller='tickets'*/[0m
  ↳ app/views/tickets/index.html.erb:20
  Rendered tickets/index.html.erb within layouts/application (Duration: 5.3ms | GC: 1.0ms)
  Rendered layout layouts/application.html.erb (Duration: 7.2ms | GC: 1.2ms)
Completed 200 OK in 16ms (Views: 7.1ms | ActiveRecord: 0.3ms (1 query, 0 cached) | GC: 1.8ms)


Started GET "/tickets/board" for 127.0.0.1 at 2025-09-04 19:38:22 -0400
Processing by TicketsController#board as HTML
  [1m[36mTicket Load (0.2ms)[0m  [1m[34mSELECT "tickets".* FROM "tickets" /*action='board',application='ServiceTicketTracker',controller='tickets'*/[0m
  ↳ app/controllers/tickets_controller.rb:14:in 'Enumerable#group_by'
  Rendering layout layouts/application.html.erb
  Rendering tickets/board.html.erb within layouts/application
  Rendered tickets/board.html.erb within layouts/application (Duration: 1.7ms | GC: 0.2ms)
  Rendered layout layouts/application.html.erb (Duration: 3.0ms | GC: 0.5ms)
Completed 200 OK in 10ms (Views: 3.5ms | ActiveRecord: 0.2ms (1 query, 0 cached) | GC: 2.1ms)


Started GET "/users" for 127.0.0.1 at 2025-09-04 19:38:23 -0400
Processing by UsersController#index as HTML
  Rendering layout layouts/application.html.erb
  Rendering users/index.html.erb within layouts/application
  [1m[36mUser Load (0.2ms)[0m  [1m[34mSELECT "users".* FROM "users" /*action='index',application='ServiceTicketTracker',controller='users'*/[0m
  ↳ app/views/users/index.html.erb:16
  Rendered users/index.html.erb within layouts/application (Duration: 5.4ms | GC: 0.5ms)
  Rendered layout layouts/application.html.erb (Duration: 10.0ms | GC: 1.0ms)
Completed 200 OK in 19ms (Views: 10.5ms | ActiveRecord: 0.2ms (1 query, 0 cached) | GC: 3.3ms)


Started GET "/users/new" for 127.0.0.1 at 2025-09-04 19:38:26 -0400
Processing by UsersController#new as HTML
  Rendering layout layouts/application.html.erb
  Rendering users/new.html.erb within layouts/application
  Rendered users/_form.html.erb (Duration: 9.0ms | GC: 0.7ms)
  Rendered users/new.html.erb within layouts/application (Duration: 9.9ms | GC: 0.7ms)
  Rendered layout layouts/application.html.erb (Duration: 11.5ms | GC: 1.5ms)
Completed 200 OK in 39ms (Views: 11.8ms | ActiveRecord: 2.0ms (0 queries, 0 cached) | GC: 4.2ms)


Started GET "/users" for 127.0.0.1 at 2025-09-04 19:38:30 -0400
Processing by UsersController#index as HTML
  Rendering layout layouts/application.html.erb
  Rendering users/index.html.erb within layouts/application
  [1m[36mUser Load (0.2ms)[0m  [1m[34mSELECT "users".* FROM "users" /*action='index',application='ServiceTicketTracker',controller='users'*/[0m
  ↳ app/views/users/index.html.erb:16
  Rendered users/index.html.erb within layouts/application (Duration: 1.6ms | GC: 0.0ms)
  Rendered layout layouts/application.html.erb (Duration: 2.6ms | GC: 0.0ms)
Completed 200 OK in 14ms (Views: 3.3ms | ActiveRecord: 0.2ms (1 query, 0 cached) | GC: 0.0ms)


Started GET "/tickets/board" for 127.0.0.1 at 2025-09-04 19:38:32 -0400
Processing by TicketsController#board as HTML
  [1m[36mTicket Load (0.1ms)[0m  [1m[34mSELECT "tickets".* FROM "tickets" /*action='board',application='ServiceTicketTracker',controller='tickets'*/[0m
  ↳ app/controllers/tickets_controller.rb:14:in 'Enumerable#group_by'
  Rendering layout layouts/application.html.erb
  Rendering tickets/board.html.erb within layouts/application
  Rendered tickets/board.html.erb within layouts/application (Duration: 1.3ms | GC: 0.0ms)
  Rendered layout layouts/application.html.erb (Duration: 2.7ms | GC: 0.0ms)
Completed 200 OK in 15ms (Views: 3.3ms | ActiveRecord: 0.1ms (1 query, 0 cached) | GC: 0.4ms)


Started PATCH "/tickets/1/stage" for 127.0.0.1 at 2025-09-04 19:38:57 -0400
Processing by TicketsController#update_stage as JSON
  Parameters: {"stage" => "install_removal", "id" => "1", "ticket" => {"stage" => "install_removal"}}
  [1m[36mTicket Load (0.2ms)[0m  [1m[34mSELECT "tickets".* FROM "tickets" WHERE "tickets"."id" = 1 LIMIT 1 /*action='update_stage',application='ServiceTicketTracker',controller='tickets'*/[0m
  ↳ app/controllers/tickets_controller.rb:47:in 'TicketsController#set_ticket'
Completed 200 OK in 24ms (Views: 2.4ms | ActiveRecord: 0.2ms (1 query, 0 cached) | GC: 0.9ms)


Started GET "/tickets/1/edit" for 127.0.0.1 at 2025-09-04 19:40:23 -0400
Processing by TicketsController#edit as HTML
  Parameters: {"id" => "1"}
  [1m[36mTicket Load (0.4ms)[0m  [1m[34mSELECT "tickets".* FROM "tickets" WHERE "tickets"."id" = 1 LIMIT 1 /*action='edit',application='ServiceTicketTracker',controller='tickets'*/[0m
  ↳ app/controllers/tickets_controller.rb:47:in 'TicketsController#set_ticket'
  Rendering layout layouts/application.html.erb
  Rendering tickets/edit.html.erb within layouts/application
  Rendered tickets/_form.html.erb (Duration: 9.4ms | GC: 0.8ms)
  Rendered tickets/edit.html.erb within layouts/application (Duration: 9.7ms | GC: 0.8ms)
  Rendered layout layouts/application.html.erb (Duration: 10.2ms | GC: 0.8ms)
Completed 200 OK in 15ms (Views: 10.4ms | ActiveRecord: 0.4ms (1 query, 0 cached) | GC: 0.8ms)


Started GET "/tickets" for 127.0.0.1 at 2025-09-04 19:40:29 -0400
Processing by TicketsController#index as HTML
  Rendering layout layouts/application.html.erb
  Rendering tickets/index.html.erb within layouts/application
  [1m[36mTicket Load (0.2ms)[0m  [1m[34mSELECT "tickets".* FROM "tickets" ORDER BY "tickets"."created_at" DESC /*action='index',application='ServiceTicketTracker',controller='tickets'*/[0m
  ↳ app/views/tickets/index.html.erb:20
  Rendered tickets/index.html.erb within layouts/application (Duration: 4.3ms | GC: 0.0ms)
  Rendered layout layouts/application.html.erb (Duration: 4.8ms | GC: 0.0ms)
Completed 200 OK in 19ms (Views: 4.9ms | ActiveRecord: 0.2ms (1 query, 0 cached) | GC: 0.4ms)


Started GET "/tickets/1" for 127.0.0.1 at 2025-09-04 19:40:31 -0400
Processing by TicketsController#show as HTML
  Parameters: {"id" => "1"}
  [1m[36mTicket Load (0.2ms)[0m  [1m[34mSELECT "tickets".* FROM "tickets" WHERE "tickets"."id" = 1 LIMIT 1 /*action='show',application='ServiceTicketTracker',controller='tickets'*/[0m
  ↳ app/controllers/tickets_controller.rb:47:in 'TicketsController#set_ticket'
  Rendering layout layouts/application.html.erb
  Rendering tickets/show.html.erb within layouts/application
  Rendered tickets/show.html.erb within layouts/application (Duration: 0.5ms | GC: 0.0ms)
  Rendered layout layouts/application.html.erb (Duration: 1.5ms | GC: 0.0ms)
Completed 200 OK in 8ms (Views: 1.7ms | ActiveRecord: 0.2ms (1 query, 0 cached) | GC: 0.0ms)


Started GET "/tickets/1/edit" for 127.0.0.1 at 2025-09-04 19:40:33 -0400
Processing by TicketsController#edit as HTML
  Parameters: {"id" => "1"}
  [1m[36mTicket Load (0.3ms)[0m  [1m[34mSELECT "tickets".* FROM "tickets" WHERE "tickets"."id" = 1 LIMIT 1 /*action='edit',application='ServiceTicketTracker',controller='tickets'*/[0m
  ↳ app/controllers/tickets_controller.rb:47:in 'TicketsController#set_ticket'
  Rendering layout layouts/application.html.erb
  Rendering tickets/edit.html.erb within layouts/application
  Rendered tickets/_form.html.erb (Duration: 5.3ms | GC: 0.0ms)
  Rendered tickets/edit.html.erb within layouts/application (Duration: 5.4ms | GC: 0.0ms)
  Rendered layout layouts/application.html.erb (Duration: 5.7ms | GC: 0.0ms)
Completed 200 OK in 15ms (Views: 6.0ms | ActiveRecord: 0.3ms (1 query, 0 cached) | GC: 0.0ms)


Started GET "/tickets" for 127.0.0.1 at 2025-09-04 19:40:34 -0400
Processing by TicketsController#index as HTML
  Rendering layout layouts/application.html.erb
  Rendering tickets/index.html.erb within layouts/application
  [1m[36mTicket Load (0.2ms)[0m  [1m[34mSELECT "tickets".* FROM "tickets" ORDER BY "tickets"."created_at" DESC /*action='index',application='ServiceTicketTracker',controller='tickets'*/[0m
  ↳ app/views/tickets/index.html.erb:20
  Rendered tickets/index.html.erb within layouts/application (Duration: 1.9ms | GC: 0.2ms)
  Rendered layout layouts/application.html.erb (Duration: 2.6ms | GC: 0.2ms)
Completed 200 OK in 7ms (Views: 2.6ms | ActiveRecord: 0.2ms (1 query, 0 cached) | GC: 0.2ms)


Started GET "/tickets/board" for 127.0.0.1 at 2025-09-04 19:41:02 -0400
Processing by TicketsController#board as HTML
  [1m[36mTicket Load (0.2ms)[0m  [1m[34mSELECT "tickets".* FROM "tickets" /*action='board',application='ServiceTicketTracker',controller='tickets'*/[0m
  ↳ app/controllers/tickets_controller.rb:14:in 'Enumerable#group_by'
  Rendering layout layouts/application.html.erb
  Rendering tickets/board.html.erb within layouts/application
  Rendered tickets/board.html.erb within layouts/application (Duration: 0.2ms | GC: 0.0ms)
  Rendered layout layouts/application.html.erb (Duration: 4.0ms | GC: 1.5ms)
Completed 200 OK in 12ms (Views: 5.4ms | ActiveRecord: 0.2ms (1 query, 0 cached) | GC: 1.5ms)


Started PATCH "/tickets/1/stage" for 127.0.0.1 at 2025-09-04 19:43:36 -0400
Processing by TicketsController#update_stage as JSON
  Parameters: {"stage" => "not_scheduled", "id" => "1", "ticket" => {"stage" => "not_scheduled"}}
  [1m[36mTicket Load (0.4ms)[0m  [1m[34mSELECT "tickets".* FROM "tickets" WHERE "tickets"."id" = 1 LIMIT 1 /*action='update_stage',application='ServiceTicketTracker',controller='tickets'*/[0m
  ↳ app/controllers/tickets_controller.rb:47:in 'TicketsController#set_ticket'
  [1m[36mTRANSACTION (0.0ms)[0m  [1m[35mBEGIN /*action='update_stage',application='ServiceTicketTracker',controller='tickets'*/[0m
  ↳ app/controllers/tickets_controller.rb:29:in 'TicketsController#update_stage'
  [1m[36mTicket Update (0.6ms)[0m  [1m[33mUPDATE "tickets" SET "updated_at" = '2025-09-04 23:43:36.880897', "stage" = 'not_scheduled' WHERE "tickets"."id" = 1 /*action='update_stage',application='ServiceTicketTracker',controller='tickets'*/[0m
  ↳ app/controllers/tickets_controller.rb:29:in 'TicketsController#update_stage'
  [1m[36mTRANSACTION (0.3ms)[0m  [1m[35mCOMMIT /*action='update_stage',application='ServiceTicketTracker',controller='tickets'*/[0m
  ↳ app/controllers/tickets_controller.rb:29:in 'TicketsController#update_stage'
Completed 200 OK in 23ms (Views: 0.1ms | ActiveRecord: 1.3ms (2 queries, 0 cached) | GC: 0.0ms)


Started PATCH "/tickets/1/stage" for 127.0.0.1 at 2025-09-04 19:43:44 -0400
Processing by TicketsController#update_stage as JSON
  Parameters: {"stage" => "install_removal", "id" => "1", "ticket" => {"stage" => "install_removal"}}
  [1m[36mTicket Load (0.2ms)[0m  [1m[34mSELECT "tickets".* FROM "tickets" WHERE "tickets"."id" = 1 LIMIT 1 /*action='update_stage',application='ServiceTicketTracker',controller='tickets'*/[0m
  ↳ app/controllers/tickets_controller.rb:47:in 'TicketsController#set_ticket'
  [1m[36mTRANSACTION (0.0ms)[0m  [1m[35mBEGIN /*action='update_stage',application='ServiceTicketTracker',controller='tickets'*/[0m
  ↳ app/controllers/tickets_controller.rb:29:in 'TicketsController#update_stage'
  [1m[36mTicket Update (0.5ms)[0m  [1m[33mUPDATE "tickets" SET "updated_at" = '2025-09-04 23:43:44.209113', "stage" = 'install_removal' WHERE "tickets"."id" = 1 /*action='update_stage',application='ServiceTicketTracker',controller='tickets'*/[0m
  ↳ app/controllers/tickets_controller.rb:29:in 'TicketsController#update_stage'
  [1m[36mTRANSACTION (0.5ms)[0m  [1m[35mCOMMIT /*action='update_stage',application='ServiceTicketTracker',controller='tickets'*/[0m
  ↳ app/controllers/tickets_controller.rb:29:in 'TicketsController#update_stage'
Completed 200 OK in 9ms (Views: 0.0ms | ActiveRecord: 1.2ms (2 queries, 0 cached) | GC: 0.0ms)


Started GET "/tickets" for 127.0.0.1 at 2025-09-04 19:43:50 -0400
Processing by TicketsController#index as HTML
  Rendering layout layouts/application.html.erb
  Rendering tickets/index.html.erb within layouts/application
  [1m[36mTicket Load (0.2ms)[0m  [1m[34mSELECT "tickets".* FROM "tickets" ORDER BY "tickets"."created_at" DESC /*action='index',application='ServiceTicketTracker',controller='tickets'*/[0m
  ↳ app/views/tickets/index.html.erb:20
  Rendered tickets/index.html.erb within layouts/application (Duration: 0.8ms | GC: 0.0ms)
  Rendered layout layouts/application.html.erb (Duration: 5.7ms | GC: 0.0ms)
Completed 200 OK in 18ms (Views: 5.7ms | ActiveRecord: 0.2ms (1 query, 0 cached) | GC: 0.0ms)


Started GET "/tickets" for 127.0.0.1 at 2025-09-04 19:50:25 -0400
Processing by TicketsController#index as HTML
  Rendering layout layouts/application.html.erb
  Rendering tickets/index.html.erb within layouts/application
  [1m[36mTicket Load (0.3ms)[0m  [1m[34mSELECT "tickets".* FROM "tickets" ORDER BY "tickets"."created_at" DESC /*action='index',application='ServiceTicketTracker',controller='tickets'*/[0m
  ↳ app/views/tickets/index.html.erb:42
  Rendered tickets/index.html.erb within layouts/application (Duration: 7.9ms | GC: 0.4ms)
  Rendered layout layouts/application.html.erb (Duration: 13.7ms | GC: 0.4ms)
Completed 200 OK in 34ms (Views: 14.4ms | ActiveRecord: 2.6ms (1 query, 0 cached) | GC: 1.5ms)


Started GET "/assets/application-a4646326.css" for 127.0.0.1 at 2025-09-04 19:50:25 -0400
Started GET "/tickets/board" for 127.0.0.1 at 2025-09-04 19:50:27 -0400
Processing by TicketsController#board as HTML
  [1m[36mTicket Load (0.2ms)[0m  [1m[34mSELECT "tickets".* FROM "tickets" /*action='board',application='ServiceTicketTracker',controller='tickets'*/[0m
  ↳ app/controllers/tickets_controller.rb:14:in 'Enumerable#group_by'
  Rendering layout layouts/application.html.erb
  Rendering tickets/board.html.erb within layouts/application
  Rendered tickets/board.html.erb within layouts/application (Duration: 0.9ms | GC: 0.0ms)
  Rendered layout layouts/application.html.erb (Duration: 1.7ms | GC: 0.0ms)
Completed 200 OK in 14ms (Views: 1.9ms | ActiveRecord: 0.2ms (1 query, 0 cached) | GC: 0.3ms)


Started PATCH "/tickets/1/stage" for 127.0.0.1 at 2025-09-04 19:50:30 -0400
Processing by TicketsController#update_stage as JSON
  Parameters: {"stage" => "not_scheduled", "id" => "1", "ticket" => {"stage" => "not_scheduled"}}
  [1m[36mTicket Load (0.3ms)[0m  [1m[34mSELECT "tickets".* FROM "tickets" WHERE "tickets"."id" = 1 LIMIT 1 /*action='update_stage',application='ServiceTicketTracker',controller='tickets'*/[0m
  ↳ app/controllers/tickets_controller.rb:47:in 'TicketsController#set_ticket'
  [1m[36mTRANSACTION (0.0ms)[0m  [1m[35mBEGIN /*action='update_stage',application='ServiceTicketTracker',controller='tickets'*/[0m
  ↳ app/controllers/tickets_controller.rb:29:in 'TicketsController#update_stage'
  [1m[36mTicket Update (0.9ms)[0m  [1m[33mUPDATE "tickets" SET "updated_at" = '2025-09-04 23:50:30.611490', "stage" = 'not_scheduled' WHERE "tickets"."id" = 1 /*action='update_stage',application='ServiceTicketTracker',controller='tickets'*/[0m
  ↳ app/controllers/tickets_controller.rb:29:in 'TicketsController#update_stage'
  [1m[36mTRANSACTION (8.3ms)[0m  [1m[35mCOMMIT /*action='update_stage',application='ServiceTicketTracker',controller='tickets'*/[0m
  ↳ app/controllers/tickets_controller.rb:29:in 'TicketsController#update_stage'
Completed 200 OK in 26ms (Views: 0.3ms | ActiveRecord: 9.5ms (2 queries, 0 cached) | GC: 0.2ms)


Started GET "/tickets/board" for 127.0.0.1 at 2025-09-04 19:54:36 -0400
  [1m[36mActiveRecord::SchemaMigration Load (0.3ms)[0m  [1m[34mSELECT "schema_migrations"."version" FROM "schema_migrations" ORDER BY "schema_migrations"."version" ASC /*application='ServiceTicketTracker'*/[0m
Processing by TicketsController#board as HTML
  [1m[36mTicket Load (6.3ms)[0m  [1m[34mSELECT "tickets".* FROM "tickets" /*action='board',application='ServiceTicketTracker',controller='tickets'*/[0m
  ↳ app/controllers/tickets_controller.rb:14:in 'Enumerable#group_by'
  Rendering layout layouts/application.html.erb
  Rendering tickets/board.html.erb within layouts/application
  Rendered tickets/board.html.erb within layouts/application (Duration: 1.9ms | GC: 0.0ms)
  Rendered layout layouts/application.html.erb (Duration: 10.3ms | GC: 0.0ms)
Completed 200 OK in 60ms (Views: 12.9ms | ActiveRecord: 9.4ms (1 query, 0 cached) | GC: 0.0ms)


Started GET "/assets/application-2faeaa71.css" for 127.0.0.1 at 2025-09-04 19:54:36 -0400
